TN:
SF:src\use-cases\submit-feedback-use-case.ts
FN:18,execute
FN:13,SubmitFeedbackUseCase
FNF:2
FNH:2
FNDA:6,execute
FNDA:1,SubmitFeedbackUseCase
DA:1,1
DA:2,1
DA:3,1
DA:4,1
DA:5,1
DA:6,1
DA:7,1
DA:8,1
DA:9,1
DA:10,1
DA:11,1
DA:12,1
DA:13,1
DA:14,1
DA:15,1
DA:16,1
DA:17,1
DA:18,1
DA:19,6
DA:20,6
DA:21,6
DA:22,1
DA:23,1
DA:24,5
DA:25,6
DA:26,1
DA:27,1
DA:28,4
DA:29,6
DA:30,1
DA:31,1
DA:32,3
DA:33,6
DA:34,2
DA:35,2
DA:36,1
DA:37,6
DA:38,0
DA:39,0
DA:40,1
DA:41,1
DA:42,1
DA:43,1
DA:44,1
DA:45,1
DA:46,1
DA:47,1
DA:48,1
DA:49,1
DA:50,1
DA:51,1
DA:52,1
DA:53,1
DA:54,1
DA:55,1
DA:56,6
DA:57,6
DA:58,6
DA:59,6
DA:60,1
DA:61,1
LF:61
LH:59
BRDA:18,0,0,6
BRDA:21,1,0,1
BRDA:24,2,0,5
BRDA:25,3,0,1
BRDA:28,4,0,4
BRDA:29,5,0,1
BRDA:32,6,0,3
BRDA:33,7,0,2
BRDA:36,8,0,1
BRDA:37,9,0,0
BRDA:40,10,0,1
BRDA:56,11,0,0
BRDA:60,12,0,1
BRDA:13,13,0,1
BRF:14
BRH:12
end_of_record
